<?xml version="1.0" encoding="UTF-8"?>
<robot generator="Robot 3.2.2 (Python 3.7.9 on win32)" generated="20210906 16:50:48.746" rpa="false">
<suite id="s1" name="RobotAutomaton" source="D:\Automation\RobotAutomaton">
<suite id="s1-s1" name="Test" source="D:\Automation\RobotAutomaton\Test">
<suite id="s1-s1-s1" name="SeleniumTest" source="D:\Automation\RobotAutomaton\Test\SeleniumTest.robot">
<test id="s1-s1-s1-t1" name="Select item and validate cart">
<kw name="Start TestCase" library="BaseTest" type="setup">
<kw name="Open Browser" library="SeleniumLibrary">
<doc>Opens a new browser instance to the optional ``url``.</doc>
<arguments>
<arg>${URL}</arg>
<arg>${BROWSER}</arg>
</arguments>
<msg timestamp="20210906 16:50:49.247" level="INFO">Opening browser 'chrome' to base url 'https://www.powerbuy.co.th/th'.</msg>
<status status="PASS" starttime="20210906 16:50:49.246" endtime="20210906 16:51:01.326"></status>
</kw>
<kw name="Maximize Browser Window" library="SeleniumLibrary">
<doc>Maximizes current browser window.</doc>
<status status="PASS" starttime="20210906 16:51:01.327" endtime="20210906 16:51:02.414"></status>
</kw>
<status status="PASS" starttime="20210906 16:50:49.245" endtime="20210906 16:51:02.415"></status>
</kw>
<kw name="Search Product" library="SearchFunctionality">
<arguments>
<arg>TV</arg>
</arguments>
<kw name="Input Text" library="SeleniumLibrary">
<doc>Types the given ``text`` into the text field identified by ``locator``.</doc>
<arguments>
<arg>${SearchInputTextbox}</arg>
<arg>${Keyword}</arg>
<arg>timeout=20s</arg>
</arguments>
<msg timestamp="20210906 16:51:02.419" level="INFO">Typing text 'TV' into text field 'id=txt-searchBox-input'.</msg>
<status status="PASS" starttime="20210906 16:51:02.417" endtime="20210906 16:51:03.786"></status>
</kw>
<kw name="Click Button" library="SeleniumLibrary">
<doc>Clicks the button identified by ``locator``.</doc>
<arguments>
<arg>${SearchItemsButton} timeout=10s</arg>
</arguments>
<msg timestamp="20210906 16:51:03.791" level="INFO">Clicking button 'id=btn-searchBox-input timeout=10s'.</msg>
<kw name="Capture Page Screenshot" library="SeleniumLibrary">
<doc>Takes a screenshot of the current page and embeds it into a log file.</doc>
<msg timestamp="20210906 16:51:05.022" level="INFO" html="yes">&lt;/td&gt;&lt;/tr&gt;&lt;tr&gt;&lt;td colspan="3"&gt;&lt;a href="selenium-screenshot-8.png"&gt;&lt;img src="selenium-screenshot-8.png" width="800px"&gt;&lt;/a&gt;</msg>
<status status="PASS" starttime="20210906 16:51:04.357" endtime="20210906 16:51:05.023"></status>
</kw>
<msg timestamp="20210906 16:51:05.031" level="FAIL">Button with locator 'id=btn-searchBox-input timeout=10s' not found.</msg>
<status status="FAIL" starttime="20210906 16:51:03.788" endtime="20210906 16:51:05.032"></status>
</kw>
<status status="FAIL" starttime="20210906 16:51:02.416" endtime="20210906 16:51:05.033"></status>
</kw>
<kw name="Finish TestCase" library="BaseTest" type="teardown">
<kw name="Close Browser" library="SeleniumLibrary">
<doc>Closes the current browser.</doc>
<status status="PASS" starttime="20210906 16:51:05.036" endtime="20210906 16:51:07.577"></status>
</kw>
<status status="PASS" starttime="20210906 16:51:05.034" endtime="20210906 16:51:07.579"></status>
</kw>
<status status="FAIL" starttime="20210906 16:50:49.243" endtime="20210906 16:51:07.581" critical="yes">Button with locator 'id=btn-searchBox-input timeout=10s' not found.</status>
</test>
<status status="FAIL" starttime="20210906 16:50:48.850" endtime="20210906 16:51:07.587"></status>
</suite>
<status status="FAIL" starttime="20210906 16:50:48.844" endtime="20210906 16:51:07.602"></status>
</suite>
<status status="FAIL" starttime="20210906 16:50:48.805" endtime="20210906 16:51:07.614"></status>
</suite>
<statistics>
<total>
<stat pass="0" fail="1">Critical Tests</stat>
<stat pass="0" fail="1">All Tests</stat>
</total>
<tag>
</tag>
<suite>
<stat pass="0" fail="1" id="s1" name="RobotAutomaton">RobotAutomaton</stat>
<stat pass="0" fail="1" id="s1-s1" name="Test">RobotAutomaton.Test</stat>
<stat pass="0" fail="1" id="s1-s1-s1" name="SeleniumTest">RobotAutomaton.Test.SeleniumTest</stat>
</suite>
</statistics>
<errors>
</errors>
</robot>
